<?xml version="1.0" encoding="UTF-8"?>
<!-- Generated by org.testng.reporters.JUnitReportReporter -->
<testsuite hostname="IMCBCP14-BLD" name="com.globomantics.test.testcases.SwitzerlandPageTest" tests="1" failures="0" timestamp="26 May 2020 09:09:58 GMT" time="7.066" errors="0">
  <testcase name="compareValues" time="7.066" classname="com.globomantics.test.testcases.SwitzerlandPageTest"/>
</testsuite> <!-- com.globomantics.test.testcases.SwitzerlandPageTest -->
