<?xml version="1.0" encoding="UTF-8"?>
<!-- Generated by org.testng.reporters.JUnitReportReporter -->
<testsuite hostname="VijayshreeC-ML" failures="0" tests="1" name="com.globomantics.test.testcases.NetherlandPageTest" time="0.613" errors="0" timestamp="11 Jun 2020 13:55:30 GMT">
  <testcase classname="com.globomantics.test.testcases.NetherlandPageTest" name="CompareAddressOfNetherland" time="0.613"/>
</testsuite> <!-- com.globomantics.test.testcases.NetherlandPageTest -->
