<?xml version="1.0" encoding="UTF-8"?>
<!-- Generated by org.testng.reporters.JUnitReportReporter -->
<testsuite hostname="IMCBCP14-BLD" name="com.globomantics.test.testcases.NetherlandPageTest" tests="1" failures="0" timestamp="26 May 2020 09:09:58 GMT" time="8.612" errors="0">
  <testcase name="compareValues" time="8.612" classname="com.globomantics.test.testcases.NetherlandPageTest"/>
</testsuite> <!-- com.globomantics.test.testcases.NetherlandPageTest -->
