<?xml version="1.0" encoding="UTF-8"?>
<!-- Generated by org.testng.reporters.JUnitReportReporter -->
<testsuite hostname="IMCBCP14-BLD" name="com.globomantics.test.testcases.HomePageTest" tests="5" failures="0" timestamp="26 May 2020 09:09:58 GMT" time="11.315" errors="0">
  <testcase name="gbmHomePageImage" time="1.404" classname="com.globomantics.test.testcases.HomePageTest"/>
  <testcase name="gbmLogo" time="2.069" classname="com.globomantics.test.testcases.HomePageTest"/>
  <testcase name="HomePageTitle" time="2.214" classname="com.globomantics.test.testcases.HomePageTest"/>
  <testcase name="enterDetails" time="4.046" classname="com.globomantics.test.testcases.HomePageTest"/>
  <testcase name="gbmEmailIcon" time="1.582" classname="com.globomantics.test.testcases.HomePageTest"/>
</testsuite> <!-- com.globomantics.test.testcases.HomePageTest -->
